build/app/intermediates/manifest_merge_blame_file/debug/manifest-merger-blame-debug-report.txt
1<?xml version="1.0" encoding="utf-8"?>
2<manifest xmlns:android="http://schemas.android.com/apk/res/android"
3    package="Teacher.AClick.Away"
4    android:versionCode="3"
5    android:versionName="1.0.2" >
6
7    <uses-sdk
8        android:minSdkVersion="21"
9        android:targetSdkVersion="33" />
10    <!--
11         Flutter needs it to communicate with the running application
12         to allow setting breakpoints, to provide hot reload, etc.
13    -->
14    <uses-permission android:name="android.permission.INTERNET" />
14-->src\main\AndroidManifest.xml:4:5-66
14-->src\main\AndroidManifest.xml:4:22-64
15    <uses-permission android:name="android.permission.READ_EXTERNAL_STORAGE" />
15-->src\main\AndroidManifest.xml:5:5-79
15-->src\main\AndroidManifest.xml:5:22-77
16    <uses-permission android:name="android.permission.WRITE_EXTERNAL_STORAGE" />
16-->src\main\AndroidManifest.xml:6:5-80
16-->src\main\AndroidManifest.xml:6:22-78
17
18    <queries>
18-->src\main\AndroidManifest.xml:11:2-18:15
19        <intent>
19-->src\main\AndroidManifest.xml:12:9-16:18
20            <action android:name="android.intent.action.VIEW" />
20-->src\main\AndroidManifest.xml:13:13-65
20-->src\main\AndroidManifest.xml:13:21-62
21
22            <category android:name="android.intent.category.BROWSABLE" />
22-->src\main\AndroidManifest.xml:14:13-74
22-->src\main\AndroidManifest.xml:14:23-71
23
24            <data android:scheme="https" />
24-->src\main\AndroidManifest.xml:15:13-43
24-->src\main\AndroidManifest.xml:15:19-41
25        </intent>
26        <intent>
26-->[:file_picker] AndroidManifest.xml:10:9-14:18
27            <action android:name="android.intent.action.GET_CONTENT" />
27-->[:file_picker] AndroidManifest.xml:11:13-72
27-->[:file_picker] AndroidManifest.xml:11:21-69
28
29            <data android:mimeType="*/*" />
29-->src\main\AndroidManifest.xml:15:13-43
30        </intent>
31    </queries>
32
33    <uses-permission android:name="android.permission.WAKE_LOCK" />
33-->[:firebase_messaging] AndroidManifest.xml:8:5-68
33-->[:firebase_messaging] AndroidManifest.xml:8:22-65
34    <uses-permission android:name="android.permission.ACCESS_NETWORK_STATE" />
34-->[:firebase_messaging] AndroidManifest.xml:9:5-79
34-->[:firebase_messaging] AndroidManifest.xml:9:22-76
35    <uses-permission android:name="android.permission.BROADCAST_CLOSE_SYSTEM_DIALOGS" />
35-->[:awesome_notifications] AndroidManifest.xml:7:5-89
35-->[:awesome_notifications] AndroidManifest.xml:7:22-86
36    <uses-permission android:name="android.permission.RECEIVE_BOOT_COMPLETED" />
36-->[:awesome_notifications] AndroidManifest.xml:8:5-81
36-->[:awesome_notifications] AndroidManifest.xml:8:22-78
37    <uses-permission android:name="android.permission.VIBRATE" />
37-->[:awesome_notifications] AndroidManifest.xml:9:5-66
37-->[:awesome_notifications] AndroidManifest.xml:9:22-63
38    <uses-permission android:name="android.permission.REQUEST_INSTALL_PACKAGES" />
38-->[:open_file] AndroidManifest.xml:8:5-83
38-->[:open_file] AndroidManifest.xml:8:22-80
39    <uses-permission android:name="android.permission.POST_NOTIFICATIONS" /> <!-- Required by older versions of Google Play services to create IID tokens -->
39-->[com.google.firebase:firebase-messaging:23.0.6] AndroidManifest.xml:26:5-77
39-->[com.google.firebase:firebase-messaging:23.0.6] AndroidManifest.xml:26:22-74
40    <uses-permission android:name="com.google.android.c2dm.permission.RECEIVE" /> <!-- for android -->
40-->[com.google.firebase:firebase-messaging:23.0.6] AndroidManifest.xml:29:5-82
40-->[com.google.firebase:firebase-messaging:23.0.6] AndroidManifest.xml:29:22-79
41    <!-- <uses-permission android:name="com.android.launcher.permission.READ_SETTINGS"/> -->
42    <!-- <uses-permission android:name="com.android.launcher.permission.WRITE_SETTINGS"/> -->
43    <!-- <uses-permission android:name="com.android.launcher.permission.INSTALL_SHORTCUT" /> -->
44    <!-- <uses-permission android:name="com.android.launcher.permission.UNINSTALL_SHORTCUT" /> -->
45    <!-- for Samsung -->
46    <uses-permission android:name="com.sec.android.provider.badge.permission.READ" />
46-->[me.leolin:ShortcutBadger:1.1.22] AndroidManifest.xml:19:5-86
46-->[me.leolin:ShortcutBadger:1.1.22] AndroidManifest.xml:19:22-83
47    <uses-permission android:name="com.sec.android.provider.badge.permission.WRITE" /> <!-- for htc -->
47-->[me.leolin:ShortcutBadger:1.1.22] AndroidManifest.xml:20:5-87
47-->[me.leolin:ShortcutBadger:1.1.22] AndroidManifest.xml:20:22-84
48    <uses-permission android:name="com.htc.launcher.permission.READ_SETTINGS" />
48-->[me.leolin:ShortcutBadger:1.1.22] AndroidManifest.xml:23:5-81
48-->[me.leolin:ShortcutBadger:1.1.22] AndroidManifest.xml:23:22-78
49    <uses-permission android:name="com.htc.launcher.permission.UPDATE_SHORTCUT" /> <!-- for sony -->
49-->[me.leolin:ShortcutBadger:1.1.22] AndroidManifest.xml:24:5-83
49-->[me.leolin:ShortcutBadger:1.1.22] AndroidManifest.xml:24:22-80
50    <uses-permission android:name="com.sonyericsson.home.permission.BROADCAST_BADGE" />
50-->[me.leolin:ShortcutBadger:1.1.22] AndroidManifest.xml:27:5-88
50-->[me.leolin:ShortcutBadger:1.1.22] AndroidManifest.xml:27:22-85
51    <uses-permission android:name="com.sonymobile.home.permission.PROVIDER_INSERT_BADGE" /> <!-- for apex -->
51-->[me.leolin:ShortcutBadger:1.1.22] AndroidManifest.xml:28:5-92
51-->[me.leolin:ShortcutBadger:1.1.22] AndroidManifest.xml:28:22-89
52    <uses-permission android:name="com.anddoes.launcher.permission.UPDATE_COUNT" /> <!-- for solid -->
52-->[me.leolin:ShortcutBadger:1.1.22] AndroidManifest.xml:31:5-84
52-->[me.leolin:ShortcutBadger:1.1.22] AndroidManifest.xml:31:22-81
53    <uses-permission android:name="com.majeur.launcher.permission.UPDATE_BADGE" /> <!-- for huawei -->
53-->[me.leolin:ShortcutBadger:1.1.22] AndroidManifest.xml:34:5-83
53-->[me.leolin:ShortcutBadger:1.1.22] AndroidManifest.xml:34:22-80
54    <uses-permission android:name="com.huawei.android.launcher.permission.CHANGE_BADGE" />
54-->[me.leolin:ShortcutBadger:1.1.22] AndroidManifest.xml:37:5-91
54-->[me.leolin:ShortcutBadger:1.1.22] AndroidManifest.xml:37:22-88
55    <uses-permission android:name="com.huawei.android.launcher.permission.READ_SETTINGS" />
55-->[me.leolin:ShortcutBadger:1.1.22] AndroidManifest.xml:38:5-92
55-->[me.leolin:ShortcutBadger:1.1.22] AndroidManifest.xml:38:22-89
56    <uses-permission android:name="com.huawei.android.launcher.permission.WRITE_SETTINGS" /> <!-- for ZUK -->
56-->[me.leolin:ShortcutBadger:1.1.22] AndroidManifest.xml:39:5-93
56-->[me.leolin:ShortcutBadger:1.1.22] AndroidManifest.xml:39:22-90
57    <uses-permission android:name="android.permission.READ_APP_BADGE" /> <!-- for OPPO -->
57-->[me.leolin:ShortcutBadger:1.1.22] AndroidManifest.xml:42:5-73
57-->[me.leolin:ShortcutBadger:1.1.22] AndroidManifest.xml:42:22-70
58    <uses-permission android:name="com.oppo.launcher.permission.READ_SETTINGS" />
58-->[me.leolin:ShortcutBadger:1.1.22] AndroidManifest.xml:45:5-82
58-->[me.leolin:ShortcutBadger:1.1.22] AndroidManifest.xml:45:22-79
59    <uses-permission android:name="com.oppo.launcher.permission.WRITE_SETTINGS" /> <!-- for EvMe -->
59-->[me.leolin:ShortcutBadger:1.1.22] AndroidManifest.xml:46:5-83
59-->[me.leolin:ShortcutBadger:1.1.22] AndroidManifest.xml:46:22-80
60    <uses-permission android:name="me.everything.badger.permission.BADGE_COUNT_READ" />
60-->[me.leolin:ShortcutBadger:1.1.22] AndroidManifest.xml:49:5-88
60-->[me.leolin:ShortcutBadger:1.1.22] AndroidManifest.xml:49:22-85
61    <uses-permission android:name="me.everything.badger.permission.BADGE_COUNT_WRITE" />
61-->[me.leolin:ShortcutBadger:1.1.22] AndroidManifest.xml:50:5-89
61-->[me.leolin:ShortcutBadger:1.1.22] AndroidManifest.xml:50:22-86
62
63    <application
64        android:name="android.app.Application"
65        android:appComponentFactory="androidx.core.app.CoreComponentFactory"
65-->[androidx.core:core:1.8.0] AndroidManifest.xml:24:18-86
66        android:debuggable="true"
67        android:icon="@mipmap/ic_launcher"
68        android:label="TeacherACA" >
69        <activity
70            android:name="Teacher.AClick.Away.MainActivity"
71            android:configChanges="orientation|keyboardHidden|keyboard|screenSize|smallestScreenSize|locale|layoutDirection|fontScale|screenLayout|density|uiMode"
72            android:exported="true"
73            android:hardwareAccelerated="true"
74            android:launchMode="singleTop"
75            android:theme="@style/LaunchTheme"
76            android:windowSoftInputMode="adjustResize" >
77
78            <!--
79                 Specifies an Android theme to apply to this Activity as soon as
80                 the Android process has started. This theme is visible to the user
81                 while the Flutter UI initializes. After that, this theme continues
82                 to determine the Window background behind the Flutter UI.
83            -->
84            <meta-data
85                android:name="io.flutter.embedding.android.NormalTheme"
86                android:resource="@style/NormalTheme" />
87
88            <intent-filter>
89                <action android:name="android.intent.action.MAIN" />
90
91                <category android:name="android.intent.category.LAUNCHER" />
92            </intent-filter>
93        </activity>
94        <!--
95             Don't delete the meta-data below.
96             This is used by the Flutter tool to generate GeneratedPluginRegistrant.java
97        -->
98        <meta-data
99            android:name="flutterEmbedding"
100            android:value="2" />
101
102        <service
102-->[:firebase_messaging] AndroidManifest.xml:12:9-15:72
103            android:name="io.flutter.plugins.firebase.messaging.FlutterFirebaseMessagingBackgroundService"
103-->[:firebase_messaging] AndroidManifest.xml:13:13-107
104            android:exported="false"
104-->[:firebase_messaging] AndroidManifest.xml:14:13-37
105            android:permission="android.permission.BIND_JOB_SERVICE" />
105-->[:firebase_messaging] AndroidManifest.xml:15:13-69
106        <service
106-->[:firebase_messaging] AndroidManifest.xml:16:9-22:19
107            android:name="io.flutter.plugins.firebase.messaging.FlutterFirebaseMessagingService"
107-->[:firebase_messaging] AndroidManifest.xml:17:13-97
108            android:exported="false" >
108-->[:firebase_messaging] AndroidManifest.xml:18:13-37
109            <intent-filter>
109-->[:firebase_messaging] AndroidManifest.xml:19:13-21:29
110                <action android:name="com.google.firebase.MESSAGING_EVENT" />
110-->[:firebase_messaging] AndroidManifest.xml:20:17-78
110-->[:firebase_messaging] AndroidManifest.xml:20:25-75
111            </intent-filter>
112        </service>
113
114        <receiver
114-->[:firebase_messaging] AndroidManifest.xml:24:9-31:20
115            android:name="io.flutter.plugins.firebase.messaging.FlutterFirebaseMessagingReceiver"
115-->[:firebase_messaging] AndroidManifest.xml:25:13-98
116            android:exported="true"
116-->[:firebase_messaging] AndroidManifest.xml:26:13-36
117            android:permission="com.google.android.c2dm.permission.SEND" >
117-->[:firebase_messaging] AndroidManifest.xml:27:13-73
118            <intent-filter>
118-->[:firebase_messaging] AndroidManifest.xml:28:13-30:29
119                <action android:name="com.google.android.c2dm.intent.RECEIVE" />
119-->[:firebase_messaging] AndroidManifest.xml:29:17-81
119-->[:firebase_messaging] AndroidManifest.xml:29:25-78
120            </intent-filter>
121        </receiver>
122
123        <service
123-->[:firebase_messaging] AndroidManifest.xml:33:9-37:19
124            android:name="com.google.firebase.components.ComponentDiscoveryService"
124-->[:firebase_messaging] AndroidManifest.xml:33:18-89
125            android:directBootAware="true"
125-->[com.google.firebase:firebase-common:20.1.1] AndroidManifest.xml:35:13-43
126            android:exported="false" >
126-->[com.google.firebase:firebase-messaging:23.0.6] AndroidManifest.xml:55:13-37
127            <meta-data
127-->[:firebase_messaging] AndroidManifest.xml:34:13-36:85
128                android:name="com.google.firebase.components:io.flutter.plugins.firebase.messaging.FlutterFirebaseAppRegistrar"
128-->[:firebase_messaging] AndroidManifest.xml:35:17-128
129                android:value="com.google.firebase.components.ComponentRegistrar" />
129-->[:firebase_messaging] AndroidManifest.xml:36:17-82
130            <meta-data
130-->[:firebase_core] AndroidManifest.xml:9:13-11:85
131                android:name="com.google.firebase.components:io.flutter.plugins.firebase.core.FlutterFirebaseCoreRegistrar"
131-->[:firebase_core] AndroidManifest.xml:10:17-124
132                android:value="com.google.firebase.components.ComponentRegistrar" />
132-->[:firebase_core] AndroidManifest.xml:11:17-82
133            <meta-data
133-->[com.google.firebase:firebase-messaging:23.0.6] AndroidManifest.xml:56:13-58:85
134                android:name="com.google.firebase.components:com.google.firebase.messaging.FirebaseMessagingRegistrar"
134-->[com.google.firebase:firebase-messaging:23.0.6] AndroidManifest.xml:57:17-119
135                android:value="com.google.firebase.components.ComponentRegistrar" />
135-->[com.google.firebase:firebase-messaging:23.0.6] AndroidManifest.xml:58:17-82
136            <meta-data
136-->[com.google.firebase:firebase-datatransport:18.1.5] AndroidManifest.xml:28:13-30:85
137                android:name="com.google.firebase.components:com.google.firebase.datatransport.TransportRegistrar"
137-->[com.google.firebase:firebase-datatransport:18.1.5] AndroidManifest.xml:29:17-115
138                android:value="com.google.firebase.components.ComponentRegistrar" />
138-->[com.google.firebase:firebase-datatransport:18.1.5] AndroidManifest.xml:30:17-82
139            <meta-data
139-->[com.google.firebase:firebase-installations:17.0.1] AndroidManifest.xml:18:13-20:85
140                android:name="com.google.firebase.components:com.google.firebase.installations.FirebaseInstallationsRegistrar"
140-->[com.google.firebase:firebase-installations:17.0.1] AndroidManifest.xml:19:17-127
141                android:value="com.google.firebase.components.ComponentRegistrar" />
141-->[com.google.firebase:firebase-installations:17.0.1] AndroidManifest.xml:20:17-82
142        </service>
143
144        <provider
144-->[:firebase_messaging] AndroidManifest.xml:39:9-43:38
145            android:name="io.flutter.plugins.firebase.messaging.FlutterFirebaseMessagingInitProvider"
145-->[:firebase_messaging] AndroidManifest.xml:40:13-102
146            android:authorities="Teacher.AClick.Away.flutterfirebasemessaginginitprovider"
146-->[:firebase_messaging] AndroidManifest.xml:41:13-88
147            android:exported="false"
147-->[:firebase_messaging] AndroidManifest.xml:42:13-37
148            android:initOrder="99" />
148-->[:firebase_messaging] AndroidManifest.xml:43:13-35
149
150        <receiver
150-->[:awesome_notifications] AndroidManifest.xml:12:9-14:40
151            android:name="me.carda.awesome_notifications.core.broadcasters.receivers.DismissedNotificationReceiver"
151-->[:awesome_notifications] AndroidManifest.xml:13:13-116
152            android:exported="false" />
152-->[:awesome_notifications] AndroidManifest.xml:14:13-37
153        <receiver
153-->[:awesome_notifications] AndroidManifest.xml:15:9-17:39
154            android:name="me.carda.awesome_notifications.core.broadcasters.receivers.ScheduledNotificationReceiver"
154-->[:awesome_notifications] AndroidManifest.xml:16:13-116
155            android:exported="true" />
155-->[:awesome_notifications] AndroidManifest.xml:17:13-36
156        <receiver
156-->[:awesome_notifications] AndroidManifest.xml:18:9-20:40
157            android:name="me.carda.awesome_notifications.core.broadcasters.receivers.NotificationActionReceiver"
157-->[:awesome_notifications] AndroidManifest.xml:19:13-113
158            android:exported="false" />
158-->[:awesome_notifications] AndroidManifest.xml:20:13-37
159        <receiver
159-->[:awesome_notifications] AndroidManifest.xml:21:9-35:20
160            android:name="me.carda.awesome_notifications.core.broadcasters.receivers.RefreshSchedulesReceiver"
160-->[:awesome_notifications] AndroidManifest.xml:22:13-111
161            android:enabled="true"
161-->[:awesome_notifications] AndroidManifest.xml:23:13-35
162            android:exported="true" >
162-->[:awesome_notifications] AndroidManifest.xml:24:13-36
163            <intent-filter>
163-->[:awesome_notifications] AndroidManifest.xml:25:13-34:29
164                <category android:name="android.intent.category.DEFAULT" />
164-->[:awesome_notifications] AndroidManifest.xml:26:17-76
164-->[:awesome_notifications] AndroidManifest.xml:26:27-73
165
166                <action android:name="android.intent.action.BOOT_COMPLETED" />
166-->[:awesome_notifications] AndroidManifest.xml:28:17-79
166-->[:awesome_notifications] AndroidManifest.xml:28:25-76
167                <action android:name="android.intent.action.LOCKED_BOOT_COMPLETED" />
167-->[:awesome_notifications] AndroidManifest.xml:29:17-86
167-->[:awesome_notifications] AndroidManifest.xml:29:25-83
168                <action android:name="android.intent.action.MY_PACKAGE_REPLACED" />
168-->[:awesome_notifications] AndroidManifest.xml:30:17-84
168-->[:awesome_notifications] AndroidManifest.xml:30:25-81
169                <action android:name="android.intent.action.QUICKBOOT_POWERON" />
169-->[:awesome_notifications] AndroidManifest.xml:31:17-82
169-->[:awesome_notifications] AndroidManifest.xml:31:25-79
170                <action android:name="com.htc.intent.action.QUICKBOOT_POWERON" />
170-->[:awesome_notifications] AndroidManifest.xml:32:17-82
170-->[:awesome_notifications] AndroidManifest.xml:32:25-79
171                <action android:name="android.app.action.SCHEDULE_EXACT_ALARM_PERMISSION_STATE_CHANGED" />
171-->[:awesome_notifications] AndroidManifest.xml:33:17-107
171-->[:awesome_notifications] AndroidManifest.xml:33:25-104
172            </intent-filter>
173        </receiver>
174
175        <service
175-->[:awesome_notifications] AndroidManifest.xml:37:9-40:72
176            android:name="me.carda.awesome_notifications.core.services.BackgroundService"
176-->[:awesome_notifications] AndroidManifest.xml:38:13-90
177            android:exported="false"
177-->[:awesome_notifications] AndroidManifest.xml:39:13-37
178            android:permission="android.permission.BIND_JOB_SERVICE" />
178-->[:awesome_notifications] AndroidManifest.xml:40:13-69
179
180        <activity
180-->[:url_launcher_android] AndroidManifest.xml:8:9-11:74
181            android:name="io.flutter.plugins.urllauncher.WebViewActivity"
181-->[:url_launcher_android] AndroidManifest.xml:9:13-74
182            android:exported="false"
182-->[:url_launcher_android] AndroidManifest.xml:10:13-37
183            android:theme="@android:style/Theme.NoTitleBar.Fullscreen" />
183-->[:url_launcher_android] AndroidManifest.xml:11:13-71
184
185        <provider
185-->[:open_file] AndroidManifest.xml:12:9-21:20
186            android:name="com.crazecoder.openfile.FileProvider"
186-->[:open_file] AndroidManifest.xml:13:13-64
187            android:authorities="Teacher.AClick.Away.fileProvider.com.crazecoder.openfile"
187-->[:open_file] AndroidManifest.xml:14:13-88
188            android:exported="false"
188-->[:open_file] AndroidManifest.xml:15:13-37
189            android:grantUriPermissions="true" >
189-->[:open_file] AndroidManifest.xml:16:13-47
190            <meta-data
190-->[:open_file] AndroidManifest.xml:18:13-20:53
191                android:name="android.support.FILE_PROVIDER_PATHS"
191-->[:open_file] AndroidManifest.xml:19:17-67
192                android:resource="@xml/filepaths" />
192-->[:open_file] AndroidManifest.xml:20:17-50
193        </provider>
194
195        <uses-library
195-->[androidx.window:window:1.0.0-beta04] AndroidManifest.xml:25:9-27:40
196            android:name="androidx.window.extensions"
196-->[androidx.window:window:1.0.0-beta04] AndroidManifest.xml:26:13-54
197            android:required="false" />
197-->[androidx.window:window:1.0.0-beta04] AndroidManifest.xml:27:13-37
198        <uses-library
198-->[androidx.window:window:1.0.0-beta04] AndroidManifest.xml:28:9-30:40
199            android:name="androidx.window.sidecar"
199-->[androidx.window:window:1.0.0-beta04] AndroidManifest.xml:29:13-51
200            android:required="false" />
200-->[androidx.window:window:1.0.0-beta04] AndroidManifest.xml:30:13-37
201
202        <receiver
202-->[com.google.firebase:firebase-messaging:23.0.6] AndroidManifest.xml:32:9-39:20
203            android:name="com.google.firebase.iid.FirebaseInstanceIdReceiver"
203-->[com.google.firebase:firebase-messaging:23.0.6] AndroidManifest.xml:33:13-78
204            android:exported="true"
204-->[com.google.firebase:firebase-messaging:23.0.6] AndroidManifest.xml:34:13-36
205            android:permission="com.google.android.c2dm.permission.SEND" >
205-->[com.google.firebase:firebase-messaging:23.0.6] AndroidManifest.xml:35:13-73
206            <intent-filter>
206-->[:firebase_messaging] AndroidManifest.xml:28:13-30:29
207                <action android:name="com.google.android.c2dm.intent.RECEIVE" />
207-->[:firebase_messaging] AndroidManifest.xml:29:17-81
207-->[:firebase_messaging] AndroidManifest.xml:29:25-78
208            </intent-filter>
209        </receiver>
210        <!--
211             FirebaseMessagingService performs security checks at runtime,
212             but set to not exported to explicitly avoid allowing another app to call it.
213        -->
214        <service
214-->[com.google.firebase:firebase-messaging:23.0.6] AndroidManifest.xml:45:9-52:19
215            android:name="com.google.firebase.messaging.FirebaseMessagingService"
215-->[com.google.firebase:firebase-messaging:23.0.6] AndroidManifest.xml:46:13-82
216            android:directBootAware="true"
216-->[com.google.firebase:firebase-messaging:23.0.6] AndroidManifest.xml:47:13-43
217            android:exported="false" >
217-->[com.google.firebase:firebase-messaging:23.0.6] AndroidManifest.xml:48:13-37
218            <intent-filter android:priority="-500" >
218-->[:firebase_messaging] AndroidManifest.xml:19:13-21:29
219                <action android:name="com.google.firebase.MESSAGING_EVENT" />
219-->[:firebase_messaging] AndroidManifest.xml:20:17-78
219-->[:firebase_messaging] AndroidManifest.xml:20:25-75
220            </intent-filter>
221        </service>
222        <service
222-->[com.google.android.datatransport:transport-backend-cct:3.1.6] AndroidManifest.xml:29:9-35:19
223            android:name="com.google.android.datatransport.runtime.backends.TransportBackendDiscovery"
223-->[com.google.android.datatransport:transport-backend-cct:3.1.6] AndroidManifest.xml:30:13-103
224            android:exported="false" >
224-->[com.google.android.datatransport:transport-backend-cct:3.1.6] AndroidManifest.xml:31:13-37
225            <meta-data
225-->[com.google.android.datatransport:transport-backend-cct:3.1.6] AndroidManifest.xml:32:13-34:39
226                android:name="backend:com.google.android.datatransport.cct.CctBackendFactory"
226-->[com.google.android.datatransport:transport-backend-cct:3.1.6] AndroidManifest.xml:33:17-94
227                android:value="cct" />
227-->[com.google.android.datatransport:transport-backend-cct:3.1.6] AndroidManifest.xml:34:17-36
228        </service>
229        <service
229-->[com.google.android.datatransport:transport-runtime:3.1.6] AndroidManifest.xml:26:9-30:19
230            android:name="com.google.android.datatransport.runtime.scheduling.jobscheduling.JobInfoSchedulerService"
230-->[com.google.android.datatransport:transport-runtime:3.1.6] AndroidManifest.xml:27:13-117
231            android:exported="false"
231-->[com.google.android.datatransport:transport-runtime:3.1.6] AndroidManifest.xml:28:13-37
232            android:permission="android.permission.BIND_JOB_SERVICE" >
232-->[com.google.android.datatransport:transport-runtime:3.1.6] AndroidManifest.xml:29:13-69
233        </service>
234
235        <receiver
235-->[com.google.android.datatransport:transport-runtime:3.1.6] AndroidManifest.xml:32:9-34:40
236            android:name="com.google.android.datatransport.runtime.scheduling.jobscheduling.AlarmManagerSchedulerBroadcastReceiver"
236-->[com.google.android.datatransport:transport-runtime:3.1.6] AndroidManifest.xml:33:13-132
237            android:exported="false" />
237-->[com.google.android.datatransport:transport-runtime:3.1.6] AndroidManifest.xml:34:13-37
238
239        <provider
239-->[com.google.firebase:firebase-common:20.1.1] AndroidManifest.xml:26:9-31:39
240            android:name="com.google.firebase.provider.FirebaseInitProvider"
240-->[com.google.firebase:firebase-common:20.1.1] AndroidManifest.xml:27:13-77
241            android:authorities="Teacher.AClick.Away.firebaseinitprovider"
241-->[com.google.firebase:firebase-common:20.1.1] AndroidManifest.xml:28:13-72
242            android:directBootAware="true"
242-->[com.google.firebase:firebase-common:20.1.1] AndroidManifest.xml:29:13-43
243            android:exported="false"
243-->[com.google.firebase:firebase-common:20.1.1] AndroidManifest.xml:30:13-37
244            android:initOrder="100" />
244-->[com.google.firebase:firebase-common:20.1.1] AndroidManifest.xml:31:13-36
245
246        <activity
246-->[com.google.android.gms:play-services-base:18.0.1] AndroidManifest.xml:20:9-22:45
247            android:name="com.google.android.gms.common.api.GoogleApiActivity"
247-->[com.google.android.gms:play-services-base:18.0.1] AndroidManifest.xml:20:19-85
248            android:exported="false"
248-->[com.google.android.gms:play-services-base:18.0.1] AndroidManifest.xml:22:19-43
249            android:theme="@android:style/Theme.Translucent.NoTitleBar" />
249-->[com.google.android.gms:play-services-base:18.0.1] AndroidManifest.xml:21:19-78
250
251        <meta-data
251-->[com.google.android.gms:play-services-basement:18.0.0] AndroidManifest.xml:21:9-23:69
252            android:name="com.google.android.gms.version"
252-->[com.google.android.gms:play-services-basement:18.0.0] AndroidManifest.xml:22:13-58
253            android:value="@integer/google_play_services_version" />
253-->[com.google.android.gms:play-services-basement:18.0.0] AndroidManifest.xml:23:13-66
254
255        <provider
255-->[androidx.lifecycle:lifecycle-process:2.2.0] AndroidManifest.xml:25:9-29:43
256            android:name="androidx.lifecycle.ProcessLifecycleOwnerInitializer"
256-->[androidx.lifecycle:lifecycle-process:2.2.0] AndroidManifest.xml:26:13-79
257            android:authorities="Teacher.AClick.Away.lifecycle-process"
257-->[androidx.lifecycle:lifecycle-process:2.2.0] AndroidManifest.xml:27:13-69
258            android:exported="false"
258-->[androidx.lifecycle:lifecycle-process:2.2.0] AndroidManifest.xml:28:13-37
259            android:multiprocess="true" />
259-->[androidx.lifecycle:lifecycle-process:2.2.0] AndroidManifest.xml:29:13-40
260    </application>
261
262</manifest>